2019-12-12 13:18:35,796 ERROR l.D.UserRolesDaoJdbcImpl [main] Не удалось создать таблицу users_roles java.lang.Throwable
	at lesson15.DataBaseTables.UserRolesDaoJdbcImpl.createUserRoleTable(UserRolesDaoJdbcImpl.java:38)
	at lesson15.Main.createTable(Main.java:117)
	at lesson15.Main.main(Main.java:58)

2019-12-12 13:18:36,519 ERROR l.D.UserRolesDaoJdbcImpl [main] Не удалось внести данные в таблицу users_roles java.lang.Throwable
	at lesson15.DataBaseTables.UserRolesDaoJdbcImpl.addUserRoles(UserRolesDaoJdbcImpl.java:55)
	at lesson15.Main.insertIdInTableUsersRoles(Main.java:88)
	at lesson15.Main.main(Main.java:61)

2019-12-12 13:18:36,613 ERROR l.D.UserRolesDaoJdbcImpl [main] Не удалось внести данные в таблицу users_roles java.lang.Throwable
	at lesson15.DataBaseTables.UserRolesDaoJdbcImpl.addUserRoles(UserRolesDaoJdbcImpl.java:55)
	at lesson15.Main.insertIdInTableUsersRoles(Main.java:88)
	at lesson15.Main.main(Main.java:61)

2019-12-12 13:18:36,672 ERROR l.D.UserRolesDaoJdbcImpl [main] Не удалось внести данные в таблицу users_roles java.lang.Throwable
	at lesson15.DataBaseTables.UserRolesDaoJdbcImpl.addUserRoles(UserRolesDaoJdbcImpl.java:55)
	at lesson15.Main.insertIdInTableUsersRoles(Main.java:88)
	at lesson15.Main.main(Main.java:61)

2019-12-12 13:18:36,732 ERROR l.D.UserRolesDaoJdbcImpl [main] Не удалось внести данные в таблицу users_roles java.lang.Throwable
	at lesson15.DataBaseTables.UserRolesDaoJdbcImpl.addUserRoles(UserRolesDaoJdbcImpl.java:55)
	at lesson15.Main.insertIdInTableUsersRoles(Main.java:88)
	at lesson15.Main.main(Main.java:61)

2019-12-12 13:18:36,802 ERROR l.D.UserRolesDaoJdbcImpl [main] Не удалось внести данные в таблицу users_roles java.lang.Throwable
	at lesson15.DataBaseTables.UserRolesDaoJdbcImpl.addUserRoles(UserRolesDaoJdbcImpl.java:55)
	at lesson15.Main.insertIdInTableUsersRoles(Main.java:88)
	at lesson15.Main.main(Main.java:61)

2019-12-12 13:18:36,870 ERROR l.D.UserRolesDaoJdbcImpl [main] Не удалось внести данные в таблицу users_roles java.lang.Throwable
	at lesson15.DataBaseTables.UserRolesDaoJdbcImpl.addUserRoles(UserRolesDaoJdbcImpl.java:55)
	at lesson15.Main.insertIdInTableUsersRoles(Main.java:88)
	at lesson15.Main.main(Main.java:61)

2019-12-12 13:18:36,927 ERROR l.D.UserRolesDaoJdbcImpl [main] Не удалось внести данные в таблицу users_roles java.lang.Throwable
	at lesson15.DataBaseTables.UserRolesDaoJdbcImpl.addUserRoles(UserRolesDaoJdbcImpl.java:55)
	at lesson15.Main.insertIdInTableUsersRoles(Main.java:88)
	at lesson15.Main.main(Main.java:61)

2019-12-12 13:18:37,108 INFO l.D.UserRolesDaoJdbcImpl [main] В таблицу users_roles внесены изменения по данным (users_id, roles_id) у Max 
2019-12-12 13:18:37,204 INFO l.D.UserRolesDaoJdbcImpl [main] В таблицу users_roles внесены изменения пакетом по данным (users_id, roles_id) 
2019-12-12 13:18:37,208 INFO l.D.UserRolesDaoJdbcImpl [main] В таблицу users_roles внесены изменения пакетом по данным (users_id, roles_id) с возможностью rollback(savepoint2) 
2019-12-12 13:19:20,912 INFO l.D.UserRolesDaoJdbcImpl [main] Cоздана таблица users_roles 
2019-12-12 13:19:21,507 INFO l.D.UserRolesDaoJdbcImpl [main] В таблицу users_roles занесены данные (users_id, roles_id) по Max 
2019-12-12 13:19:21,602 INFO l.D.UserRolesDaoJdbcImpl [main] В таблицу users_roles занесены данные (users_id, roles_id) по Mira 
2019-12-12 13:19:21,670 INFO l.D.UserRolesDaoJdbcImpl [main] В таблицу users_roles занесены данные (users_id, roles_id) по Olga 
2019-12-12 13:19:21,734 INFO l.D.UserRolesDaoJdbcImpl [main] В таблицу users_roles занесены данные (users_id, roles_id) по Maya 
2019-12-12 13:19:21,793 INFO l.D.UserRolesDaoJdbcImpl [main] В таблицу users_roles занесены данные (users_id, roles_id) по Aleks 
2019-12-12 13:19:21,856 INFO l.D.UserRolesDaoJdbcImpl [main] В таблицу users_roles занесены данные (users_id, roles_id) по Luka 
2019-12-12 13:19:21,918 INFO l.D.UserRolesDaoJdbcImpl [main] В таблицу users_roles занесены данные (users_id, roles_id) по Mark 
2019-12-12 13:19:22,034 INFO l.D.UserRolesDaoJdbcImpl [main] В таблицу users_roles внесены изменения по данным (users_id, roles_id) у Max 
2019-12-12 13:19:22,129 INFO l.D.UserRolesDaoJdbcImpl [main] В таблицу users_roles внесены изменения пакетом по данным (users_id, roles_id) 
2019-12-12 13:19:22,131 INFO l.D.UserRolesDaoJdbcImpl [main] В таблицу users_roles внесены изменения пакетом по данным (users_id, roles_id) с возможностью rollback(savepoint2) 
2019-12-12 13:32:39,170 INFO l.D.UserRolesDaoJdbcImpl [main] Cоздана таблица users_roles 
2019-12-12 13:32:39,774 INFO l.D.UserRolesDaoJdbcImpl [main] В таблицу users_roles занесены данные (users_id, roles_id) по Max 
2019-12-12 13:32:39,845 INFO l.D.UserRolesDaoJdbcImpl [main] В таблицу users_roles занесены данные (users_id, roles_id) по Mira 
2019-12-12 13:32:39,905 INFO l.D.UserRolesDaoJdbcImpl [main] В таблицу users_roles занесены данные (users_id, roles_id) по Olga 
2019-12-12 13:32:39,964 INFO l.D.UserRolesDaoJdbcImpl [main] В таблицу users_roles занесены данные (users_id, roles_id) по Maya 
2019-12-12 13:32:40,023 INFO l.D.UserRolesDaoJdbcImpl [main] В таблицу users_roles занесены данные (users_id, roles_id) по Aleks 
2019-12-12 13:32:40,096 INFO l.D.UserRolesDaoJdbcImpl [main] В таблицу users_roles занесены данные (users_id, roles_id) по Luka 
2019-12-12 13:32:40,168 INFO l.D.UserRolesDaoJdbcImpl [main] В таблицу users_roles занесены данные (users_id, roles_id) по Mark 
2019-12-12 13:32:40,280 INFO l.D.UserRolesDaoJdbcImpl [main] INFO 
2019-12-12 13:32:40,380 INFO l.D.UserRolesDaoJdbcImpl [main] В таблицу users_roles внесены изменения пакетом по данным (users_id, roles_id) 
2019-12-12 13:32:40,383 INFO l.D.UserRolesDaoJdbcImpl [main] В таблицу users_roles внесены изменения пакетом по данным (users_id, roles_id) с возможностью rollback(savepoint2) 
2019-12-12 15:00:04,970 INFO l.D.UserRolesDaoJdbcImpl [main] INFO | Cоздана таблица users_roles 
2019-12-12 15:00:05,586 INFO l.D.UserRolesDaoJdbcImpl [main] INFO | В таблицу users_roles занесены данные (users_id, roles_id) по Max 
2019-12-12 15:00:05,679 INFO l.D.UserRolesDaoJdbcImpl [main] INFO | В таблицу users_roles занесены данные (users_id, roles_id) по Mira 
2019-12-12 15:00:05,748 INFO l.D.UserRolesDaoJdbcImpl [main] INFO | В таблицу users_roles занесены данные (users_id, roles_id) по Olga 
2019-12-12 15:00:05,817 INFO l.D.UserRolesDaoJdbcImpl [main] INFO | В таблицу users_roles занесены данные (users_id, roles_id) по Maya 
2019-12-12 15:00:05,873 INFO l.D.UserRolesDaoJdbcImpl [main] INFO | В таблицу users_roles занесены данные (users_id, roles_id) по Aleks 
2019-12-12 15:00:05,943 INFO l.D.UserRolesDaoJdbcImpl [main] INFO | В таблицу users_roles занесены данные (users_id, roles_id) по Luka 
2019-12-12 15:00:06,020 INFO l.D.UserRolesDaoJdbcImpl [main] INFO | В таблицу users_roles занесены данные (users_id, roles_id) по Mark 
2019-12-12 15:00:06,144 INFO l.D.UserRolesDaoJdbcImpl [main] INFO 
2019-12-12 15:00:06,248 INFO l.D.UserRolesDaoJdbcImpl [main] INFO | В таблицу users_roles внесены изменения пакетом по данным (users_id, roles_id) 
2019-12-12 15:00:06,252 INFO l.D.UserRolesDaoJdbcImpl [main] INFO | В таблицу users_roles внесены изменения пакетом по данным (users_id, roles_id) с возможностью rollback(savepoint2) 
2019-12-12 15:01:45,648 INFO l.D.UserRolesDaoJdbcImpl [main] INFO | Cоздана таблица users_roles 
2019-12-12 15:01:46,285 INFO l.D.UserRolesDaoJdbcImpl [main] INFO | В таблицу users_roles занесены данные (users_id, roles_id) по Max 
2019-12-12 15:01:46,416 INFO l.D.UserRolesDaoJdbcImpl [main] INFO | В таблицу users_roles занесены данные (users_id, roles_id) по Mira 
2019-12-12 15:01:46,488 INFO l.D.UserRolesDaoJdbcImpl [main] INFO | В таблицу users_roles занесены данные (users_id, roles_id) по Olga 
2019-12-12 15:01:46,568 INFO l.D.UserRolesDaoJdbcImpl [main] INFO | В таблицу users_roles занесены данные (users_id, roles_id) по Maya 
2019-12-12 15:01:46,653 INFO l.D.UserRolesDaoJdbcImpl [main] INFO | В таблицу users_roles занесены данные (users_id, roles_id) по Aleks 
2019-12-12 15:01:46,734 INFO l.D.UserRolesDaoJdbcImpl [main] INFO | В таблицу users_roles занесены данные (users_id, roles_id) по Luka 
2019-12-12 15:01:46,813 INFO l.D.UserRolesDaoJdbcImpl [main] INFO | В таблицу users_roles занесены данные (users_id, roles_id) по Mark 
2019-12-12 15:01:46,958 INFO l.D.UserRolesDaoJdbcImpl [main] INFO 
2019-12-12 15:01:47,063 INFO l.D.UserRolesDaoJdbcImpl [main] INFO | В таблицу users_roles внесены изменения пакетом по данным (users_id, roles_id) 
2019-12-12 15:01:47,066 INFO l.D.UserRolesDaoJdbcImpl [main] INFO | В таблицу users_roles внесены изменения пакетом по данным (users_id, roles_id) с возможностью rollback(savepoint2) 
2019-12-12 15:15:45,504 INFO l.D.UserRolesDaoJdbcImpl [main] INFO | Cоздана таблица users_roles 
2019-12-12 15:15:46,082 INFO l.D.UserRolesDaoJdbcImpl [main] INFO | В таблицу users_roles занесены данные (users_id, roles_id) по Max 
2019-12-12 15:15:46,168 INFO l.D.UserRolesDaoJdbcImpl [main] INFO | В таблицу users_roles занесены данные (users_id, roles_id) по Mira 
2019-12-12 15:15:46,237 INFO l.D.UserRolesDaoJdbcImpl [main] INFO | В таблицу users_roles занесены данные (users_id, roles_id) по Olga 
2019-12-12 15:15:46,302 INFO l.D.UserRolesDaoJdbcImpl [main] INFO | В таблицу users_roles занесены данные (users_id, roles_id) по Maya 
2019-12-12 15:15:46,360 INFO l.D.UserRolesDaoJdbcImpl [main] INFO | В таблицу users_roles занесены данные (users_id, roles_id) по Aleks 
2019-12-12 15:15:46,423 INFO l.D.UserRolesDaoJdbcImpl [main] INFO | В таблицу users_roles занесены данные (users_id, roles_id) по Luka 
2019-12-12 15:15:46,485 INFO l.D.UserRolesDaoJdbcImpl [main] INFO | В таблицу users_roles занесены данные (users_id, roles_id) по Mark 
2019-12-12 15:15:46,610 INFO l.D.UserRolesDaoJdbcImpl [main] INFO 
2019-12-12 15:15:46,714 INFO l.D.UserRolesDaoJdbcImpl [main] INFO | В таблицу users_roles внесены изменения пакетом по данным (users_id, roles_id) 
2019-12-12 15:15:46,717 INFO l.D.UserRolesDaoJdbcImpl [main] INFO | В таблицу users_roles внесены изменения пакетом по данным (users_id, roles_id) с возможностью rollback(savepoint2) 
2019-12-12 15:18:51,588 INFO l.D.UserRolesDaoJdbcImpl [main] INFO | Cоздана таблица users_roles 
2019-12-12 15:18:52,269 INFO l.D.UserRolesDaoJdbcImpl [main] INFO | В таблицу users_roles занесены данные (users_id, roles_id) по Max 
2019-12-12 15:18:52,343 INFO l.D.UserRolesDaoJdbcImpl [main] INFO | В таблицу users_roles занесены данные (users_id, roles_id) по Mira 
2019-12-12 15:18:52,409 INFO l.D.UserRolesDaoJdbcImpl [main] INFO | В таблицу users_roles занесены данные (users_id, roles_id) по Olga 
2019-12-12 15:18:52,480 INFO l.D.UserRolesDaoJdbcImpl [main] INFO | В таблицу users_roles занесены данные (users_id, roles_id) по Maya 
2019-12-12 15:18:52,540 INFO l.D.UserRolesDaoJdbcImpl [main] INFO | В таблицу users_roles занесены данные (users_id, roles_id) по Aleks 
2019-12-12 15:18:52,604 INFO l.D.UserRolesDaoJdbcImpl [main] INFO | В таблицу users_roles занесены данные (users_id, roles_id) по Luka 
2019-12-12 15:18:52,667 INFO l.D.UserRolesDaoJdbcImpl [main] INFO | В таблицу users_roles занесены данные (users_id, roles_id) по Mark 
2019-12-12 15:18:52,791 INFO l.D.UserRolesDaoJdbcImpl [main] INFO 
2019-12-12 15:18:52,894 INFO l.D.UserRolesDaoJdbcImpl [main] INFO | В таблицу users_roles внесены изменения пакетом по данным (users_id, roles_id) 
2019-12-12 15:18:52,897 INFO l.D.UserRolesDaoJdbcImpl [main] INFO | В таблицу users_roles внесены изменения пакетом по данным (users_id, roles_id) с возможностью rollback(savepoint2) 
2019-12-12 15:19:30,764 ERROR l.D.UserRolesDaoJdbcImpl [main] Throwing java.lang.Throwable: WARNING
	at lesson15.DataBaseTables.UserRolesDaoJdbcImpl.createUserRoleTable(UserRolesDaoJdbcImpl.java:39)
	at lesson15.Main.createTable(Main.java:117)
	at lesson15.Main.main(Main.java:58)

2019-12-12 15:19:31,514 ERROR l.D.UserRolesDaoJdbcImpl [main] Throwing java.lang.Throwable: WARNING
	at lesson15.DataBaseTables.UserRolesDaoJdbcImpl.addUserRoles(UserRolesDaoJdbcImpl.java:56)
	at lesson15.Main.insertIdInTableUsersRoles(Main.java:88)
	at lesson15.Main.main(Main.java:61)

2019-12-12 15:19:31,613 ERROR l.D.UserRolesDaoJdbcImpl [main] Throwing java.lang.Throwable: WARNING
	at lesson15.DataBaseTables.UserRolesDaoJdbcImpl.addUserRoles(UserRolesDaoJdbcImpl.java:56)
	at lesson15.Main.insertIdInTableUsersRoles(Main.java:88)
	at lesson15.Main.main(Main.java:61)

2019-12-12 15:19:31,672 ERROR l.D.UserRolesDaoJdbcImpl [main] Throwing java.lang.Throwable: WARNING
	at lesson15.DataBaseTables.UserRolesDaoJdbcImpl.addUserRoles(UserRolesDaoJdbcImpl.java:56)
	at lesson15.Main.insertIdInTableUsersRoles(Main.java:88)
	at lesson15.Main.main(Main.java:61)

2019-12-12 15:19:31,737 ERROR l.D.UserRolesDaoJdbcImpl [main] Throwing java.lang.Throwable: WARNING
	at lesson15.DataBaseTables.UserRolesDaoJdbcImpl.addUserRoles(UserRolesDaoJdbcImpl.java:56)
	at lesson15.Main.insertIdInTableUsersRoles(Main.java:88)
	at lesson15.Main.main(Main.java:61)

2019-12-12 15:19:31,804 ERROR l.D.UserRolesDaoJdbcImpl [main] Throwing java.lang.Throwable: WARNING
	at lesson15.DataBaseTables.UserRolesDaoJdbcImpl.addUserRoles(UserRolesDaoJdbcImpl.java:56)
	at lesson15.Main.insertIdInTableUsersRoles(Main.java:88)
	at lesson15.Main.main(Main.java:61)

2019-12-12 15:19:31,862 ERROR l.D.UserRolesDaoJdbcImpl [main] Throwing java.lang.Throwable: WARNING
	at lesson15.DataBaseTables.UserRolesDaoJdbcImpl.addUserRoles(UserRolesDaoJdbcImpl.java:56)
	at lesson15.Main.insertIdInTableUsersRoles(Main.java:88)
	at lesson15.Main.main(Main.java:61)

2019-12-12 15:19:31,920 ERROR l.D.UserRolesDaoJdbcImpl [main] Throwing java.lang.Throwable: WARNING
	at lesson15.DataBaseTables.UserRolesDaoJdbcImpl.addUserRoles(UserRolesDaoJdbcImpl.java:56)
	at lesson15.Main.insertIdInTableUsersRoles(Main.java:88)
	at lesson15.Main.main(Main.java:61)

2019-12-12 15:19:32,060 INFO l.D.UserRolesDaoJdbcImpl [main] INFO 
2019-12-12 15:19:32,150 INFO l.D.UserRolesDaoJdbcImpl [main] INFO | В таблицу users_roles внесены изменения пакетом по данным (users_id, roles_id) 
2019-12-12 15:19:32,153 INFO l.D.UserRolesDaoJdbcImpl [main] INFO | В таблицу users_roles внесены изменения пакетом по данным (users_id, roles_id) с возможностью rollback(savepoint2) 
2019-12-12 15:29:18,876 INFO l.D.UserRolesDaoJdbcImpl [main] INFO | Cоздана таблица users_roles 
2019-12-12 15:29:19,465 INFO l.D.UserRolesDaoJdbcImpl [main] INFO | В таблицу users_roles занесены данные (users_id, roles_id) по Max 
2019-12-12 15:29:19,545 INFO l.D.UserRolesDaoJdbcImpl [main] INFO | В таблицу users_roles занесены данные (users_id, roles_id) по Mira 
2019-12-12 15:29:19,615 INFO l.D.UserRolesDaoJdbcImpl [main] INFO | В таблицу users_roles занесены данные (users_id, roles_id) по Olga 
2019-12-12 15:29:19,683 INFO l.D.UserRolesDaoJdbcImpl [main] INFO | В таблицу users_roles занесены данные (users_id, roles_id) по Maya 
2019-12-12 15:29:19,739 INFO l.D.UserRolesDaoJdbcImpl [main] INFO | В таблицу users_roles занесены данные (users_id, roles_id) по Aleks 
2019-12-12 15:29:19,803 INFO l.D.UserRolesDaoJdbcImpl [main] INFO | В таблицу users_roles занесены данные (users_id, roles_id) по Luka 
2019-12-12 15:29:19,868 INFO l.D.UserRolesDaoJdbcImpl [main] INFO | В таблицу users_roles занесены данные (users_id, roles_id) по Mark 
2019-12-12 15:29:19,993 INFO l.D.UserRolesDaoJdbcImpl [main] INFO 
2019-12-12 15:29:20,087 INFO l.D.UserRolesDaoJdbcImpl [main] INFO | В таблицу users_roles внесены изменения пакетом по данным (users_id, roles_id) 
2019-12-12 15:29:20,090 INFO l.D.UserRolesDaoJdbcImpl [main] INFO | В таблицу users_roles внесены изменения пакетом по данным (users_id, roles_id) с возможностью rollback(savepoint2) 
2019-12-12 15:37:21,919 INFO l.D.UserRolesDaoJdbcImpl [main] INFO | Cоздана таблица users_roles 
2019-12-12 15:37:22,543 INFO l.D.UserRolesDaoJdbcImpl [main] INFO | В таблицу users_roles занесены данные (users_id, roles_id) по Max 
2019-12-12 15:37:22,633 INFO l.D.UserRolesDaoJdbcImpl [main] INFO | В таблицу users_roles занесены данные (users_id, roles_id) по Mira 
2019-12-12 15:37:22,705 INFO l.D.UserRolesDaoJdbcImpl [main] INFO | В таблицу users_roles занесены данные (users_id, roles_id) по Olga 
2019-12-12 15:37:22,765 INFO l.D.UserRolesDaoJdbcImpl [main] INFO | В таблицу users_roles занесены данные (users_id, roles_id) по Maya 
2019-12-12 15:37:22,823 INFO l.D.UserRolesDaoJdbcImpl [main] INFO | В таблицу users_roles занесены данные (users_id, roles_id) по Aleks 
2019-12-12 15:37:22,884 INFO l.D.UserRolesDaoJdbcImpl [main] INFO | В таблицу users_roles занесены данные (users_id, roles_id) по Luka 
2019-12-12 15:37:22,949 INFO l.D.UserRolesDaoJdbcImpl [main] INFO | В таблицу users_roles занесены данные (users_id, roles_id) по Mark 
2019-12-12 15:37:23,064 INFO l.D.UserRolesDaoJdbcImpl [main] INFO 
2019-12-12 15:37:23,150 INFO l.D.UserRolesDaoJdbcImpl [main] INFO | В таблицу users_roles внесены изменения пакетом по данным (users_id, roles_id) 
2019-12-12 15:37:23,152 INFO l.D.UserRolesDaoJdbcImpl [main] INFO | В таблицу users_roles внесены изменения пакетом по данным (users_id, roles_id) с возможностью rollback(savepoint2) 
2019-12-12 15:52:19,092 INFO l.D.UserRolesDaoJdbcImpl [main] INFO | Cоздана таблица users_roles 
2019-12-12 15:52:19,740 INFO l.D.UserRolesDaoJdbcImpl [main] INFO | В таблицу users_roles занесены данные (users_id, roles_id) по Max 
2019-12-12 15:52:19,847 INFO l.D.UserRolesDaoJdbcImpl [main] INFO | В таблицу users_roles занесены данные (users_id, roles_id) по Mira 
2019-12-12 15:52:19,924 INFO l.D.UserRolesDaoJdbcImpl [main] INFO | В таблицу users_roles занесены данные (users_id, roles_id) по Olga 
2019-12-12 15:52:19,984 INFO l.D.UserRolesDaoJdbcImpl [main] INFO | В таблицу users_roles занесены данные (users_id, roles_id) по Maya 
2019-12-12 15:52:20,053 INFO l.D.UserRolesDaoJdbcImpl [main] INFO | В таблицу users_roles занесены данные (users_id, roles_id) по Aleks 
2019-12-12 15:52:20,119 INFO l.D.UserRolesDaoJdbcImpl [main] INFO | В таблицу users_roles занесены данные (users_id, roles_id) по Luka 
2019-12-12 15:52:20,184 INFO l.D.UserRolesDaoJdbcImpl [main] INFO | В таблицу users_roles занесены данные (users_id, roles_id) по Mark 
2019-12-12 15:52:20,309 INFO l.D.UserRolesDaoJdbcImpl [main] INFO 
2019-12-12 15:52:20,388 INFO l.D.UserRolesDaoJdbcImpl [main] INFO | В таблицу users_roles внесены изменения пакетом по данным (users_id, roles_id) 
2019-12-12 15:52:20,391 INFO l.D.UserRolesDaoJdbcImpl [main] INFO | В таблицу users_roles внесены изменения пакетом по данным (users_id, roles_id) с возможностью rollback(savepoint2) 
2019-12-12 15:56:20,320 INFO l.D.UserRolesDaoJdbcImpl [main] INFO | Cоздана таблица users_roles 
2019-12-12 15:56:20,898 INFO l.D.UserRolesDaoJdbcImpl [main] INFO | В таблицу users_roles занесены данные (users_id, roles_id) по Max 
2019-12-12 15:56:20,984 INFO l.D.UserRolesDaoJdbcImpl [main] INFO | В таблицу users_roles занесены данные (users_id, roles_id) по Mira 
2019-12-12 15:56:21,059 INFO l.D.UserRolesDaoJdbcImpl [main] INFO | В таблицу users_roles занесены данные (users_id, roles_id) по Olga 
2019-12-12 15:56:21,120 INFO l.D.UserRolesDaoJdbcImpl [main] INFO | В таблицу users_roles занесены данные (users_id, roles_id) по Maya 
2019-12-12 15:56:21,176 INFO l.D.UserRolesDaoJdbcImpl [main] INFO | В таблицу users_roles занесены данные (users_id, roles_id) по Aleks 
2019-12-12 15:56:21,240 INFO l.D.UserRolesDaoJdbcImpl [main] INFO | В таблицу users_roles занесены данные (users_id, roles_id) по Luka 
2019-12-12 15:56:21,304 INFO l.D.UserRolesDaoJdbcImpl [main] INFO | В таблицу users_roles занесены данные (users_id, roles_id) по Mark 
2019-12-12 15:56:21,438 INFO l.D.UserRolesDaoJdbcImpl [main] INFO 
2019-12-12 15:56:21,542 INFO l.D.UserRolesDaoJdbcImpl [main] INFO | В таблицу users_roles внесены изменения пакетом по данным (users_id, roles_id) 
2019-12-12 15:56:21,544 INFO l.D.UserRolesDaoJdbcImpl [main] INFO | В таблицу users_roles внесены изменения пакетом по данным (users_id, roles_id) с возможностью rollback(savepoint2) 
2019-12-12 15:57:13,754 ERROR l.D.UserRolesDaoJdbcImpl [main] Throwing java.lang.Throwable: WARNING
	at lesson15.DataBaseTables.UserRolesDaoJdbcImpl.createUserRoleTable(UserRolesDaoJdbcImpl.java:39)
	at lesson15.Main.createTable(Main.java:117)
	at lesson15.Main.main(Main.java:58)

2019-12-12 15:57:14,488 ERROR l.D.UserRolesDaoJdbcImpl [main] Throwing java.lang.Throwable: WARNING
	at lesson15.DataBaseTables.UserRolesDaoJdbcImpl.addUserRoles(UserRolesDaoJdbcImpl.java:56)
	at lesson15.Main.insertIdInTableUsersRoles(Main.java:88)
	at lesson15.Main.main(Main.java:61)

2019-12-12 15:57:14,581 ERROR l.D.UserRolesDaoJdbcImpl [main] Throwing java.lang.Throwable: WARNING
	at lesson15.DataBaseTables.UserRolesDaoJdbcImpl.addUserRoles(UserRolesDaoJdbcImpl.java:56)
	at lesson15.Main.insertIdInTableUsersRoles(Main.java:88)
	at lesson15.Main.main(Main.java:61)

2019-12-12 15:57:14,644 ERROR l.D.UserRolesDaoJdbcImpl [main] Throwing java.lang.Throwable: WARNING
	at lesson15.DataBaseTables.UserRolesDaoJdbcImpl.addUserRoles(UserRolesDaoJdbcImpl.java:56)
	at lesson15.Main.insertIdInTableUsersRoles(Main.java:88)
	at lesson15.Main.main(Main.java:61)

2019-12-12 15:57:14,712 ERROR l.D.UserRolesDaoJdbcImpl [main] Throwing java.lang.Throwable: WARNING
	at lesson15.DataBaseTables.UserRolesDaoJdbcImpl.addUserRoles(UserRolesDaoJdbcImpl.java:56)
	at lesson15.Main.insertIdInTableUsersRoles(Main.java:88)
	at lesson15.Main.main(Main.java:61)

2019-12-12 15:57:14,784 ERROR l.D.UserRolesDaoJdbcImpl [main] Throwing java.lang.Throwable: WARNING
	at lesson15.DataBaseTables.UserRolesDaoJdbcImpl.addUserRoles(UserRolesDaoJdbcImpl.java:56)
	at lesson15.Main.insertIdInTableUsersRoles(Main.java:88)
	at lesson15.Main.main(Main.java:61)

2019-12-12 15:57:14,841 ERROR l.D.UserRolesDaoJdbcImpl [main] Throwing java.lang.Throwable: WARNING
	at lesson15.DataBaseTables.UserRolesDaoJdbcImpl.addUserRoles(UserRolesDaoJdbcImpl.java:56)
	at lesson15.Main.insertIdInTableUsersRoles(Main.java:88)
	at lesson15.Main.main(Main.java:61)

2019-12-12 15:57:14,901 ERROR l.D.UserRolesDaoJdbcImpl [main] Throwing java.lang.Throwable: WARNING
	at lesson15.DataBaseTables.UserRolesDaoJdbcImpl.addUserRoles(UserRolesDaoJdbcImpl.java:56)
	at lesson15.Main.insertIdInTableUsersRoles(Main.java:88)
	at lesson15.Main.main(Main.java:61)

2019-12-12 15:57:15,041 INFO l.D.UserRolesDaoJdbcImpl [main] INFO 
2019-12-12 15:57:15,132 INFO l.D.UserRolesDaoJdbcImpl [main] INFO | В таблицу users_roles внесены изменения пакетом по данным (users_id, roles_id) 
2019-12-12 15:57:15,134 INFO l.D.UserRolesDaoJdbcImpl [main] INFO | В таблицу users_roles внесены изменения пакетом по данным (users_id, roles_id) с возможностью rollback(savepoint2) 
